Arguments: 
  C:\Program Files\nodejs\node.exe C:\Users\!\AppData\Roaming\npm\node_modules\yarn\bin\yarn.js

PATH: 
  C:\Program Files\NVIDIA GPU Computing Toolkit\CUDA\v11.6\bin;C:\Program Files\NVIDIA GPU Computing Toolkit\CUDA\v11.6\libnvvp;;C:\Program Files (x86)\VMware\VMware Workstation\bin\;C:\Python310\Scripts\;C:\Python310\;C:\Windows\system32;C:\Windows;C:\Windows\System32\Wbem;C:\Windows\System32\WindowsPowerShell\v1.0\;C:\Windows\System32\OpenSSH\;C:\Program Files\Bandizip\;C:\ProgramData\chocolatey\bin;C:\Program Files\nodejs\;C:\Program Files\Git\cmd;C:\Program Files\dotnet\;C:\Program Files (x86)\Microsoft SQL Server\140\Tools\Binn\;C:\Program Files\Microsoft SQL Server\140\Tools\Binn\;C:\Program Files (x86)\Microsoft SQL Server\140\DTS\Binn\;C:\Program Files\Microsoft SQL Server\140\DTS\Binn\;C:\Program Files\Microsoft SQL Server\Client SDK\ODBC\130\Tools\Binn\;C:\Program Files\NVIDIA Corporation\Nsight Compute 2022.1.1\;C:\Program Files (x86)\NVIDIA Corporation\PhysX\Common;C:\Program Files\NVIDIA Corporation\NVIDIA NvDLISR;C:\Program Files\Microsoft SQL Server\130\Tools\Binn\;C:\Program Files\Microsoft SQL Server\Client SDK\ODBC\170\Tools\Binn\;C:\Program Files\Git LFS;C:\Users\!\AppData\Local\Microsoft\WindowsApps;;C:\Users\!\AppData\Local\Programs\Microsoft VS Code\bin;C:\Users\!\AppData\Roaming\npm;C:\Users\!\spicetify-cli;C:\tools\neovim\Neovim\bin;C:\Program Files (x86)\Nmap;C:\Users\!\.dotnet\tools

Yarn version: 
  1.22.17

Node version: 
  17.7.0

Platform: 
  win32 x64

Trace: 
  Error: getaddrinfo ENOTFOUND nuxt
      at GetAddrInfoReqWrap.onlookup [as oncomplete] (node:dns:72:26)

npm manifest: 
  {
    "name": "nuxt-ecommerce",
    "version": "1.0.0",
    "private": true,
    "scripts": {
      "dev": "nuxt",
      "build": "nuxt build",
      "start": "nuxt start",
      "generate": "nuxt generate"
    },
    "dependencies": {
      "core-js": "^3.19.3",
      "@nuxt/content": "^1.15.1",
      "nuxt": "^2.15.3"
    },
    "devDependencies": {
      "@nuxtjs/tailwindcss": "^4.2.1",
      "eslint-config-prettier": "^8.3.0",
      "eslint-plugin-prettier": "^3.3.1",
      "postcss": "^8.4.4",
      "prettier": "^2.5.1"
    }
  }

yarn manifest: 
  No manifest

Lockfile: 
  No lockfile
